<?xml version="1.0" encoding="UTF-8"?>
<!-- Generated by org.testng.reporters.JUnitReportReporter -->
<testsuite hostname="LAPTOP-7161PA8I" failures="0" tests="2" name="scripts.Test1" time="4.806" errors="0" timestamp="2022-01-18T14:25:48 UYT" skipped="0">
  <testcase classname="scripts.Test1" name="testLanguage" time="3.128"/>
  <system-out/>
  <testcase classname="scripts.Test1" name="testLanguage" time="1.678"/>
  <system-out/>
</testsuite> <!-- scripts.Test1 -->
