<?xml version="1.0" encoding="UTF-8"?>
<!-- Generated by org.testng.reporters.JUnitReportReporter -->
<testsuite hostname="LAPTOP-7161PA8I" failures="0" tests="2" name="scripts.Test3" time="3.439" errors="0" timestamp="2022-01-18T14:25:48 UYT" skipped="0">
  <testcase classname="scripts.Test3" name="testPromo" time="2.070"/>
  <system-out/>
  <testcase classname="scripts.Test3" name="testPromo" time="1.369"/>
  <system-out/>
</testsuite> <!-- scripts.Test3 -->
