<?xml version="1.0" encoding="UTF-8"?>
<!-- Generated by org.testng.reporters.JUnitReportReporter -->
<testsuite hostname="LAPTOP-7161PA8I" failures="0" tests="1" name="scripts.Test4" time="4.752" errors="0" timestamp="2022-01-18T14:25:48 UYT" skipped="0">
  <testcase classname="scripts.Test4" name="testAddToCart" time="4.752"/>
  <system-out/>
</testsuite> <!-- scripts.Test4 -->
